callback: 1 4 1 0x7ffc1a7d90a0 cuDeviceGetCount
callback: 1 4 1 0x7ffc1a7d9120 cuDeviceGetCount
callback: 1 3 2 0x7ffc1a7d9000 cuDeviceGet
callback: 1 3 2 0x7ffc1a7d9080 cuDeviceGet
callback: 1 5 3 0x7ffc1a7d9000 cuDeviceGetName
callback: 1 5 3 0x7ffc1a7d9080 cuDeviceGetName
callback: 1 259 4 0x7ffc1a7d9000 cuDeviceTotalMem_v2
callback: 1 259 4 0x7ffc1a7d9080 cuDeviceTotalMem_v2
callback: 1 9 5 0x7ffc1a7d9000 cuDeviceGetAttribute
callback: 1 9 5 0x7ffc1a7d9080 cuDeviceGetAttribute
callback: 1 9 6 0x7ffc1a7d9000 cuDeviceGetAttribute
callback: 1 9 6 0x7ffc1a7d9080 cuDeviceGetAttribute
callback: 1 9 7 0x7ffc1a7d9000 cuDeviceGetAttribute
callback: 1 9 7 0x7ffc1a7d9080 cuDeviceGetAttribute
callback: 1 9 8 0x7ffc1a7d9000 cuDeviceGetAttribute
callback: 1 9 8 0x7ffc1a7d9080 cuDeviceGetAttribute
callback: 1 9 9 0x7ffc1a7d9000 cuDeviceGetAttribute
callback: 1 9 9 0x7ffc1a7d9080 cuDeviceGetAttribute
callback: 1 9 10 0x7ffc1a7d9000 cuDeviceGetAttribute
callback: 1 9 10 0x7ffc1a7d9080 cuDeviceGetAttribute
callback: 1 9 11 0x7ffc1a7d9000 cuDeviceGetAttribute
callback: 1 9 11 0x7ffc1a7d9080 cuDeviceGetAttribute
callback: 1 9 12 0x7ffc1a7d9000 cuDeviceGetAttribute
callback: 1 9 12 0x7ffc1a7d9080 cuDeviceGetAttribute
callback: 1 9 13 0x7ffc1a7d9000 cuDeviceGetAttribute
callback: 1 9 13 0x7ffc1a7d9080 cuDeviceGetAttribute
callback: 1 9 14 0x7ffc1a7d9000 cuDeviceGetAttribute
callback: 1 9 14 0x7ffc1a7d9080 cuDeviceGetAttribute
callback: 1 9 15 0x7ffc1a7d9000 cuDeviceGetAttribute
callback: 1 9 15 0x7ffc1a7d9080 cuDeviceGetAttribute
callback: 1 9 16 0x7ffc1a7d9000 cuDeviceGetAttribute
callback: 1 9 16 0x7ffc1a7d9080 cuDeviceGetAttribute
callback: 1 9 17 0x7ffc1a7d9000 cuDeviceGetAttribute
callback: 1 9 17 0x7ffc1a7d9080 cuDeviceGetAttribute
callback: 1 9 18 0x7ffc1a7d9000 cuDeviceGetAttribute
callback: 1 9 18 0x7ffc1a7d9080 cuDeviceGetAttribute
callback: 1 9 19 0x7ffc1a7d9000 cuDeviceGetAttribute
callback: 1 9 19 0x7ffc1a7d9080 cuDeviceGetAttribute
callback: 1 9 20 0x7ffc1a7d9000 cuDeviceGetAttribute
callback: 1 9 20 0x7ffc1a7d9080 cuDeviceGetAttribute
callback: 1 9 21 0x7ffc1a7d9000 cuDeviceGetAttribute
callback: 1 9 21 0x7ffc1a7d9080 cuDeviceGetAttribute
callback: 1 9 22 0x7ffc1a7d9000 cuDeviceGetAttribute
callback: 1 9 22 0x7ffc1a7d9080 cuDeviceGetAttribute
callback: 1 9 23 0x7ffc1a7d9000 cuDeviceGetAttribute
callback: 1 9 23 0x7ffc1a7d9080 cuDeviceGetAttribute
callback: 1 9 24 0x7ffc1a7d9000 cuDeviceGetAttribute
callback: 1 9 24 0x7ffc1a7d9080 cuDeviceGetAttribute
callback: 1 9 25 0x7ffc1a7d9000 cuDeviceGetAttribute
callback: 1 9 25 0x7ffc1a7d9080 cuDeviceGetAttribute
callback: 1 9 26 0x7ffc1a7d9000 cuDeviceGetAttribute
callback: 1 9 26 0x7ffc1a7d9080 cuDeviceGetAttribute
callback: 1 9 27 0x7ffc1a7d9000 cuDeviceGetAttribute
callback: 1 9 27 0x7ffc1a7d9080 cuDeviceGetAttribute
callback: 1 9 28 0x7ffc1a7d9000 cuDeviceGetAttribute
callback: 1 9 28 0x7ffc1a7d9080 cuDeviceGetAttribute
callback: 1 9 29 0x7ffc1a7d9000 cuDeviceGetAttribute
callback: 1 9 29 0x7ffc1a7d9080 cuDeviceGetAttribute
callback: 1 9 30 0x7ffc1a7d9000 cuDeviceGetAttribute
callback: 1 9 30 0x7ffc1a7d9080 cuDeviceGetAttribute
callback: 1 9 31 0x7ffc1a7d9000 cuDeviceGetAttribute
callback: 1 9 31 0x7ffc1a7d9080 cuDeviceGetAttribute
callback: 1 9 32 0x7ffc1a7d9000 cuDeviceGetAttribute
callback: 1 9 32 0x7ffc1a7d9080 cuDeviceGetAttribute
callback: 1 9 33 0x7ffc1a7d9000 cuDeviceGetAttribute
callback: 1 9 33 0x7ffc1a7d9080 cuDeviceGetAttribute
callback: 1 9 34 0x7ffc1a7d9000 cuDeviceGetAttribute
callback: 1 9 34 0x7ffc1a7d9080 cuDeviceGetAttribute
callback: 1 9 35 0x7ffc1a7d9000 cuDeviceGetAttribute
callback: 1 9 35 0x7ffc1a7d9080 cuDeviceGetAttribute
callback: 1 9 36 0x7ffc1a7d9000 cuDeviceGetAttribute
callback: 1 9 36 0x7ffc1a7d9080 cuDeviceGetAttribute
callback: 1 9 37 0x7ffc1a7d9000 cuDeviceGetAttribute
callback: 1 9 37 0x7ffc1a7d9080 cuDeviceGetAttribute
callback: 1 9 38 0x7ffc1a7d9000 cuDeviceGetAttribute
callback: 1 9 38 0x7ffc1a7d9080 cuDeviceGetAttribute
callback: 1 9 39 0x7ffc1a7d9000 cuDeviceGetAttribute
callback: 1 9 39 0x7ffc1a7d9080 cuDeviceGetAttribute
callback: 1 9 40 0x7ffc1a7d9000 cuDeviceGetAttribute
callback: 1 9 40 0x7ffc1a7d9080 cuDeviceGetAttribute
callback: 1 9 41 0x7ffc1a7d9000 cuDeviceGetAttribute
callback: 1 9 41 0x7ffc1a7d9080 cuDeviceGetAttribute
callback: 1 9 42 0x7ffc1a7d9000 cuDeviceGetAttribute
callback: 1 9 42 0x7ffc1a7d9080 cuDeviceGetAttribute
callback: 1 9 43 0x7ffc1a7d9000 cuDeviceGetAttribute
callback: 1 9 43 0x7ffc1a7d9080 cuDeviceGetAttribute
callback: 1 9 44 0x7ffc1a7d9000 cuDeviceGetAttribute
callback: 1 9 44 0x7ffc1a7d9080 cuDeviceGetAttribute
callback: 1 9 45 0x7ffc1a7d9000 cuDeviceGetAttribute
callback: 1 9 45 0x7ffc1a7d9080 cuDeviceGetAttribute
callback: 1 9 46 0x7ffc1a7d9000 cuDeviceGetAttribute
callback: 1 9 46 0x7ffc1a7d9080 cuDeviceGetAttribute
callback: 1 9 47 0x7ffc1a7d9000 cuDeviceGetAttribute
callback: 1 9 47 0x7ffc1a7d9080 cuDeviceGetAttribute
callback: 1 9 48 0x7ffc1a7d9000 cuDeviceGetAttribute
callback: 1 9 48 0x7ffc1a7d9080 cuDeviceGetAttribute
callback: 1 9 49 0x7ffc1a7d9000 cuDeviceGetAttribute
callback: 1 9 49 0x7ffc1a7d9080 cuDeviceGetAttribute
callback: 1 9 50 0x7ffc1a7d9000 cuDeviceGetAttribute
callback: 1 9 50 0x7ffc1a7d9080 cuDeviceGetAttribute
callback: 1 9 51 0x7ffc1a7d9000 cuDeviceGetAttribute
callback: 1 9 51 0x7ffc1a7d9080 cuDeviceGetAttribute
callback: 1 9 52 0x7ffc1a7d9000 cuDeviceGetAttribute
callback: 1 9 52 0x7ffc1a7d9080 cuDeviceGetAttribute
callback: 1 9 53 0x7ffc1a7d9000 cuDeviceGetAttribute
callback: 1 9 53 0x7ffc1a7d9080 cuDeviceGetAttribute
callback: 1 9 54 0x7ffc1a7d9000 cuDeviceGetAttribute
callback: 1 9 54 0x7ffc1a7d9080 cuDeviceGetAttribute
callback: 1 9 55 0x7ffc1a7d9000 cuDeviceGetAttribute
callback: 1 9 55 0x7ffc1a7d9080 cuDeviceGetAttribute
callback: 1 9 56 0x7ffc1a7d9000 cuDeviceGetAttribute
callback: 1 9 56 0x7ffc1a7d9080 cuDeviceGetAttribute
callback: 1 9 57 0x7ffc1a7d9000 cuDeviceGetAttribute
callback: 1 9 57 0x7ffc1a7d9080 cuDeviceGetAttribute
callback: 1 9 58 0x7ffc1a7d9000 cuDeviceGetAttribute
callback: 1 9 58 0x7ffc1a7d9080 cuDeviceGetAttribute
callback: 1 9 59 0x7ffc1a7d9000 cuDeviceGetAttribute
callback: 1 9 59 0x7ffc1a7d9080 cuDeviceGetAttribute
callback: 1 9 60 0x7ffc1a7d9000 cuDeviceGetAttribute
callback: 1 9 60 0x7ffc1a7d9080 cuDeviceGetAttribute
callback: 1 9 61 0x7ffc1a7d9000 cuDeviceGetAttribute
callback: 1 9 61 0x7ffc1a7d9080 cuDeviceGetAttribute
callback: 1 9 62 0x7ffc1a7d9000 cuDeviceGetAttribute
callback: 1 9 62 0x7ffc1a7d9080 cuDeviceGetAttribute
callback: 1 9 63 0x7ffc1a7d9000 cuDeviceGetAttribute
callback: 1 9 63 0x7ffc1a7d9080 cuDeviceGetAttribute
callback: 1 9 64 0x7ffc1a7d9000 cuDeviceGetAttribute
callback: 1 9 64 0x7ffc1a7d9080 cuDeviceGetAttribute
callback: 1 9 65 0x7ffc1a7d9000 cuDeviceGetAttribute
callback: 1 9 65 0x7ffc1a7d9080 cuDeviceGetAttribute
callback: 1 9 66 0x7ffc1a7d9000 cuDeviceGetAttribute
callback: 1 9 66 0x7ffc1a7d9080 cuDeviceGetAttribute
callback: 1 9 67 0x7ffc1a7d9000 cuDeviceGetAttribute
callback: 1 9 67 0x7ffc1a7d9080 cuDeviceGetAttribute
callback: 1 9 68 0x7ffc1a7d9000 cuDeviceGetAttribute
callback: 1 9 68 0x7ffc1a7d9080 cuDeviceGetAttribute
callback: 1 9 69 0x7ffc1a7d9000 cuDeviceGetAttribute
callback: 1 9 69 0x7ffc1a7d9080 cuDeviceGetAttribute
callback: 1 9 70 0x7ffc1a7d9000 cuDeviceGetAttribute
callback: 1 9 70 0x7ffc1a7d9080 cuDeviceGetAttribute
callback: 1 9 71 0x7ffc1a7d9000 cuDeviceGetAttribute
callback: 1 9 71 0x7ffc1a7d9080 cuDeviceGetAttribute
callback: 1 9 72 0x7ffc1a7d9000 cuDeviceGetAttribute
callback: 1 9 72 0x7ffc1a7d9080 cuDeviceGetAttribute
callback: 1 9 73 0x7ffc1a7d9000 cuDeviceGetAttribute
callback: 1 9 73 0x7ffc1a7d9080 cuDeviceGetAttribute
callback: 1 9 74 0x7ffc1a7d9000 cuDeviceGetAttribute
callback: 1 9 74 0x7ffc1a7d9080 cuDeviceGetAttribute
callback: 1 9 75 0x7ffc1a7d9000 cuDeviceGetAttribute
callback: 1 9 75 0x7ffc1a7d9080 cuDeviceGetAttribute
callback: 1 9 76 0x7ffc1a7d9000 cuDeviceGetAttribute
callback: 1 9 76 0x7ffc1a7d9080 cuDeviceGetAttribute
callback: 1 9 77 0x7ffc1a7d9000 cuDeviceGetAttribute
callback: 1 9 77 0x7ffc1a7d9080 cuDeviceGetAttribute
callback: 1 9 78 0x7ffc1a7d9000 cuDeviceGetAttribute
callback: 1 9 78 0x7ffc1a7d9080 cuDeviceGetAttribute
callback: 1 9 79 0x7ffc1a7d9000 cuDeviceGetAttribute
callback: 1 9 79 0x7ffc1a7d9080 cuDeviceGetAttribute
callback: 1 9 80 0x7ffc1a7d9000 cuDeviceGetAttribute
callback: 1 9 80 0x7ffc1a7d9080 cuDeviceGetAttribute
callback: 1 9 81 0x7ffc1a7d9000 cuDeviceGetAttribute
callback: 1 9 81 0x7ffc1a7d9080 cuDeviceGetAttribute
callback: 1 9 82 0x7ffc1a7d9000 cuDeviceGetAttribute
callback: 1 9 82 0x7ffc1a7d9080 cuDeviceGetAttribute
callback: 1 9 83 0x7ffc1a7d9000 cuDeviceGetAttribute
callback: 1 9 83 0x7ffc1a7d9080 cuDeviceGetAttribute
callback: 1 9 84 0x7ffc1a7d9000 cuDeviceGetAttribute
callback: 1 9 84 0x7ffc1a7d9080 cuDeviceGetAttribute
callback: 1 9 85 0x7ffc1a7d9000 cuDeviceGetAttribute
callback: 1 9 85 0x7ffc1a7d9080 cuDeviceGetAttribute
callback: 1 9 86 0x7ffc1a7d9000 cuDeviceGetAttribute
callback: 1 9 86 0x7ffc1a7d9080 cuDeviceGetAttribute
callback: 1 9 87 0x7ffc1a7d9000 cuDeviceGetAttribute
callback: 1 9 87 0x7ffc1a7d9080 cuDeviceGetAttribute
callback: 1 9 88 0x7ffc1a7d9000 cuDeviceGetAttribute
callback: 1 9 88 0x7ffc1a7d9080 cuDeviceGetAttribute
callback: 1 9 89 0x7ffc1a7d9000 cuDeviceGetAttribute
callback: 1 9 89 0x7ffc1a7d9080 cuDeviceGetAttribute
callback: 1 9 90 0x7ffc1a7d9000 cuDeviceGetAttribute
callback: 1 9 90 0x7ffc1a7d9080 cuDeviceGetAttribute
callback: 1 9 91 0x7ffc1a7d9000 cuDeviceGetAttribute
callback: 1 9 91 0x7ffc1a7d9080 cuDeviceGetAttribute
callback: 1 9 92 0x7ffc1a7d9000 cuDeviceGetAttribute
callback: 1 9 92 0x7ffc1a7d9080 cuDeviceGetAttribute
callback: 1 9 93 0x7ffc1a7d9000 cuDeviceGetAttribute
callback: 1 9 93 0x7ffc1a7d9080 cuDeviceGetAttribute
callback: 1 9 94 0x7ffc1a7d9000 cuDeviceGetAttribute
callback: 1 9 94 0x7ffc1a7d9080 cuDeviceGetAttribute
callback: 1 9 95 0x7ffc1a7d9000 cuDeviceGetAttribute
callback: 1 9 95 0x7ffc1a7d9080 cuDeviceGetAttribute
callback: 1 9 96 0x7ffc1a7d9000 cuDeviceGetAttribute
callback: 1 9 96 0x7ffc1a7d9080 cuDeviceGetAttribute
callback: 1 9 97 0x7ffc1a7d9000 cuDeviceGetAttribute
callback: 1 9 97 0x7ffc1a7d9080 cuDeviceGetAttribute
callback: 1 9 98 0x7ffc1a7d9000 cuDeviceGetAttribute
callback: 1 9 98 0x7ffc1a7d9080 cuDeviceGetAttribute
callback: 1 9 99 0x7ffc1a7d9000 cuDeviceGetAttribute
callback: 1 9 99 0x7ffc1a7d9080 cuDeviceGetAttribute
callback: 1 482 100 0x7ffc1a7d9000 cuDeviceGetUuid
callback: 1 482 100 0x7ffc1a7d9080 cuDeviceGetUuid
callback: 1 9 101 0x7ffc1a7d9000 cuDeviceGetAttribute
callback: 1 9 101 0x7ffc1a7d9080 cuDeviceGetAttribute
callback: 1 9 102 0x7ffc1a7d9000 cuDeviceGetAttribute
callback: 1 9 102 0x7ffc1a7d9080 cuDeviceGetAttribute
callback: 1 9 103 0x7ffc1a7d9000 cuDeviceGetAttribute
callback: 1 9 103 0x7ffc1a7d9080 cuDeviceGetAttribute
callback: 2 20 104 0x7ffc1a7d9340 cudaMalloc_v3020
callback: 1 304 104 0x7ffc1a7d90e0 cuCtxGetCurrent
callback: 1 304 104 0x7ffc1a7d9160 cuCtxGetCurrent
callback: 1 303 104 0x7ffc1a7d90d0 cuCtxSetCurrent
callback: 1 303 104 0x7ffc1a7d9150 cuCtxSetCurrent
callback: 1 386 104 0x7ffc1a7d9090 cuDevicePrimaryCtxRetain
callback: 1 386 104 0x7ffc1a7d9110 cuDevicePrimaryCtxRetain
callback: 1 304 104 0x7ffc1a7d90c0 cuCtxGetCurrent
callback: 1 304 104 0x7ffc1a7d9140 cuCtxGetCurrent
callback: 1 16 104 0x7ffc1a7d90c0 cuCtxGetDevice
callback: 1 16 104 0x7ffc1a7d9140 cuCtxGetDevice
callback: 1 23 104 0x7ffc1a7d8fd0 cuModuleGetFunction
callback: 1 23 104 0x7ffc1a7d9050 cuModuleGetFunction
callback: 1 23 104 0x7ffc1a7d8fd0 cuModuleGetFunction
callback: 1 23 104 0x7ffc1a7d9050 cuModuleGetFunction
callback: 1 26 104 0x7ffc1a7d8fe0 cuModuleGetTexRef
callback: 1 26 104 0x7ffc1a7d9060 cuModuleGetTexRef
callback: 1 243 104 0x7ffc1a7d9060 cuMemAlloc_v2
callback: 1 243 104 0x7ffc1a7d90e0 cuMemAlloc_v2
callback: 2 20 104 0x7ffc1a7d9340 cudaMalloc_v3020
callback: 2 20 105 0x7ffc1a7d9340 cudaMalloc_v3020
callback: 1 243 105 0x7ffc1a7d9060 cuMemAlloc_v2
callback: 1 243 105 0x7ffc1a7d90e0 cuMemAlloc_v2
callback: 2 20 105 0x7ffc1a7d9340 cudaMalloc_v3020
callback: 2 31 106 0x7ffc1a7d9320 cudaMemcpy_v3020
callback: 1 276 106 0x7ffc1a7d9140 cuMemcpyHtoD_v2
callback: 1 276 106 0x7ffc1a7d91c0 cuMemcpyHtoD_v2
callback: 2 31 106 0x7ffc1a7d9320 cudaMemcpy_v3020
callback: 2 55 107 0x7ffc1a7d9290 cudaBindTexture_v3020
callback: 1 246 107 0x7ffc1a7d8ff0 cuMemGetAddressRange_v2
callback: 1 246 107 0x7ffc1a7d9070 cuMemGetAddressRange_v2
callback: 1 255 107 0x7ffc1a7d8ff0 cuTexRefSetAddress_v2
callback: 1 255 107 0x7ffc1a7d9070 cuTexRefSetAddress_v2
callback: 1 99 107 0x7ffc1a7d9030 cuTexRefSetFormat
callback: 1 99 107 0x7ffc1a7d90b0 cuTexRefSetFormat
callback: 1 255 107 0x7ffc1a7d8ff0 cuTexRefSetAddress_v2
callback: 1 255 107 0x7ffc1a7d9070 cuTexRefSetAddress_v2
callback: 2 55 107 0x7ffc1a7d9290 cudaBindTexture_v3020
callback: 2 60 108 0x7ffc1a7d9340 cudaGetTextureReference_v3020
callback: 2 60 108 0x7ffc1a7d9340 cudaGetTextureReference_v3020
callback: 2 211 109 0x7ffc1a7d9210 cudaLaunchKernel_v7000
callback: 1 102 109 0x7ffc1a7d8f30 cuTexRefSetFlags
callback: 1 102 109 0x7ffc1a7d8fb0 cuTexRefSetFlags
callback: 1 101 109 0x7ffc1a7d8f20 cuTexRefSetFilterMode
callback: 1 101 109 0x7ffc1a7d8fa0 cuTexRefSetFilterMode
callback: 1 351 109 0x7ffc1a7d8f30 cuTexRefSetMipmapFilterMode
callback: 1 351 109 0x7ffc1a7d8fb0 cuTexRefSetMipmapFilterMode
callback: 1 352 109 0x7ffc1a7d8f30 cuTexRefSetMipmapLevelBias
callback: 1 352 109 0x7ffc1a7d8fb0 cuTexRefSetMipmapLevelBias
callback: 1 353 109 0x7ffc1a7d8f20 cuTexRefSetMipmapLevelClamp
callback: 1 353 109 0x7ffc1a7d8fa0 cuTexRefSetMipmapLevelClamp
callback: 1 354 109 0x7ffc1a7d8f20 cuTexRefSetMaxAnisotropy
callback: 1 354 109 0x7ffc1a7d8fa0 cuTexRefSetMaxAnisotropy
callback: 1 100 109 0x7ffc1a7d8f20 cuTexRefSetAddressMode
callback: 1 100 109 0x7ffc1a7d8fa0 cuTexRefSetAddressMode
callback: 1 307 109 0x7ffc1a7d8d00 cuLaunchKernel
callback: 1 307 109 0x7ffc1a7d8d80 cuLaunchKernel
callback: 2 211 109 0x7ffc1a7d9200 cudaLaunchKernel_v7000
callback: 2 211 110 0x7ffc1a7d9210 cudaLaunchKernel_v7000
callback: 1 102 110 0x7ffc1a7d8f30 cuTexRefSetFlags
callback: 1 102 110 0x7ffc1a7d8fb0 cuTexRefSetFlags
callback: 1 101 110 0x7ffc1a7d8f20 cuTexRefSetFilterMode
callback: 1 101 110 0x7ffc1a7d8fa0 cuTexRefSetFilterMode
callback: 1 351 110 0x7ffc1a7d8f30 cuTexRefSetMipmapFilterMode
callback: 1 351 110 0x7ffc1a7d8fb0 cuTexRefSetMipmapFilterMode
callback: 1 352 110 0x7ffc1a7d8f30 cuTexRefSetMipmapLevelBias
callback: 1 352 110 0x7ffc1a7d8fb0 cuTexRefSetMipmapLevelBias
callback: 1 353 110 0x7ffc1a7d8f20 cuTexRefSetMipmapLevelClamp
callback: 1 353 110 0x7ffc1a7d8fa0 cuTexRefSetMipmapLevelClamp
callback: 1 354 110 0x7ffc1a7d8f20 cuTexRefSetMaxAnisotropy
callback: 1 354 110 0x7ffc1a7d8fa0 cuTexRefSetMaxAnisotropy
callback: 1 100 110 0x7ffc1a7d8f20 cuTexRefSetAddressMode
callback: 1 100 110 0x7ffc1a7d8fa0 cuTexRefSetAddressMode
callback: 1 307 110 0x7ffc1a7d8d00 cuLaunchKernel
callback: 1 307 110 0x7ffc1a7d8d80 cuLaunchKernel
callback: 2 211 110 0x7ffc1a7d9200 cudaLaunchKernel_v7000
callback: 2 31 111 0x7ffc1a7d9320 cudaMemcpy_v3020
callback: 1 278 111 0x7ffc1a7d9140 cuMemcpyDtoH_v2
callback: 1 278 111 0x7ffc1a7d91c0 cuMemcpyDtoH_v2
callback: 2 31 111 0x7ffc1a7d9320 cudaMemcpy_v3020
Texture memory test passed!
callback: 2 58 112 0x7ffc1a7d9330 cudaUnbindTexture_v3020
callback: 1 255 112 0x7ffc1a7d9110 cuTexRefSetAddress_v2
callback: 1 255 112 0x7ffc1a7d9190 cuTexRefSetAddress_v2
callback: 2 58 112 0x7ffc1a7d9330 cudaUnbindTexture_v3020
callback: 2 22 113 0x7ffc1a7d9350 cudaFree_v3020
callback: 1 245 113 0x7ffc1a7d91b0 cuMemFree_v2
callback: 1 245 113 0x7ffc1a7d9230 cuMemFree_v2
callback: 2 22 113 0x7ffc1a7d9350 cudaFree_v3020
callback: 2 22 114 0x7ffc1a7d9350 cudaFree_v3020
callback: 1 245 114 0x7ffc1a7d91b0 cuMemFree_v2
callback: 1 245 114 0x7ffc1a7d9230 cuMemFree_v2
callback: 2 22 114 0x7ffc1a7d9350 cudaFree_v3020
